0 info it worked if it ends with ok
1 verbose cli [ '/usr/local/bin/node', '/usr/local/bin/npm', 'run', 'debug' ]
2 info using npm@3.5.2
3 info using node@v5.2.0
4 verbose run-script [ 'predebug', 'debug', 'postdebug' ]
5 info lifecycle castle-roofs-3d@0.0.1~predebug: castle-roofs-3d@0.0.1
6 silly lifecycle castle-roofs-3d@0.0.1~predebug: no script for predebug, continuing
7 info lifecycle castle-roofs-3d@0.0.1~debug: castle-roofs-3d@0.0.1
8 verbose lifecycle castle-roofs-3d@0.0.1~debug: unsafe-perm in lifecycle true
9 verbose lifecycle castle-roofs-3d@0.0.1~debug: PATH: /usr/local/lib/node_modules/npm/bin/node-gyp-bin:/home/tolokoban/Code/github/castle-roofs-3d/node_modules/.bin:/usr/local/sbin:/usr/local/bin:/usr/sbin:/usr/bin:/sbin:/bin:/usr/games:/usr/local/games
10 verbose lifecycle castle-roofs-3d@0.0.1~debug: CWD: /home/tolokoban/Code/github/castle-roofs-3d
11 silly lifecycle castle-roofs-3d@0.0.1~debug: Args: [ '-c',
11 silly lifecycle   'node node_modules/toloframework/bin/tfw.js build dev test php watch' ]
12 silly lifecycle castle-roofs-3d@0.0.1~debug: Returned: code: 1  signal: null
13 info lifecycle castle-roofs-3d@0.0.1~debug: Failed to exec debug script
14 verbose stack Error: castle-roofs-3d@0.0.1 debug: `node node_modules/toloframework/bin/tfw.js build dev test php watch`
14 verbose stack Exit status 1
14 verbose stack     at EventEmitter.<anonymous> (/usr/local/lib/node_modules/npm/lib/utils/lifecycle.js:232:16)
14 verbose stack     at emitTwo (events.js:88:13)
14 verbose stack     at EventEmitter.emit (events.js:173:7)
14 verbose stack     at ChildProcess.<anonymous> (/usr/local/lib/node_modules/npm/lib/utils/spawn.js:24:14)
14 verbose stack     at emitTwo (events.js:88:13)
14 verbose stack     at ChildProcess.emit (events.js:173:7)
14 verbose stack     at maybeClose (internal/child_process.js:819:16)
14 verbose stack     at Process.ChildProcess._handle.onexit (internal/child_process.js:212:5)
15 verbose pkgid castle-roofs-3d@0.0.1
16 verbose cwd /home/tolokoban/Code/github/castle-roofs-3d
17 error Linux 3.13.0-24-generic
18 error argv "/usr/local/bin/node" "/usr/local/bin/npm" "run" "debug"
19 error node v5.2.0
20 error npm  v3.5.2
21 error code ELIFECYCLE
22 error castle-roofs-3d@0.0.1 debug: `node node_modules/toloframework/bin/tfw.js build dev test php watch`
22 error Exit status 1
23 error Failed at the castle-roofs-3d@0.0.1 debug script 'node node_modules/toloframework/bin/tfw.js build dev test php watch'.
23 error Make sure you have the latest version of node.js and npm installed.
23 error If you do, this is most likely a problem with the castle-roofs-3d package,
23 error not with npm itself.
23 error Tell the author that this fails on your system:
23 error     node node_modules/toloframework/bin/tfw.js build dev test php watch
23 error You can get information on how to open an issue for this project with:
23 error     npm bugs castle-roofs-3d
23 error Or if that isn't available, you can get their info via:
23 error     npm owner ls castle-roofs-3d
23 error There is likely additional logging output above.
24 verbose exit [ 1, true ]
